# JRE version: OpenJDK Runtime Environment Temurin-21.0.10+7 (21.0.10+7) (build 21.0.10+7-LTS)
# Java VM: OpenJDK 64-Bit Server VM Temurin-21.0.10+7 (21.0.10+7-LTS, mixed mode, sharing, tiered, compressed oops, compressed class ptrs, parallel gc, windows-amd64)
GC Precious Log:
 CardTable entry size: 512
 CPUs: 20 total, 20 available
 Memory: 16003M
 Large Page Support: Disabled
 NUMA Support: Disabled
 Compressed Oops: Enabled (32-bit)
 Alignments: Space 512K, Generation 512K, Heap 2M
 Heap Min Capacity: 100M
 Heap Initial Capacity: 100M
 Heap Max Capacity: 2G
 Pre-touch: Disabled
 Parallel Workers: 15
Heap:
 PSYoungGen      total 5120K, used 4256K [0x00000000d5580000, 0x00000000d5c00000, 0x0000000100000000)
  eden space 3584K, 100% used [0x00000000d5580000,0x00000000d5900000,0x00000000d5900000)
  from space 1536K, 43% used [0x00000000d5900000,0x00000000d59a8000,0x00000000d5a80000)
  to   space 1024K, 58% used [0x00000000d5b00000,0x00000000d5b95808,0x00000000d5c00000)
 ParOldGen       total 653824K, used 653491K [0x0000000080000000, 0x00000000a7e80000, 0x00000000d5580000)
  object space 653824K, 99% used [0x0000000080000000,0x00000000a7e2ce40,0x00000000a7e80000)
 Metaspace       used 76183K, committed 77760K, reserved 1179648K
  class space    used 7756K, committed 8448K, reserved 1048576K
GC Heap History (20 events):
Event: 35.767 GC heap before
{Heap before GC invocations=1751 (full 4):
 PSYoungGen      total 4608K, used 4288K [0x00000000d5580000, 0x00000000d5b00000, 0x0000000100000000)
  eden space 3584K, 100% used [0x00000000d5580000,0x00000000d5900000,0x00000000d5900000)
  from space 1024K, 68% used [0x00000000d5a00000,0x00000000d5ab0000,0x00000000d5b00000)
  to   space 1024K, 0% used [0x00000000d5900000,0x00000000d5900000,0x00000000d5a00000)
 ParOldGen       total 648192K, used 647921K [0x0000000080000000, 0x00000000a7900000, 0x00000000d5580000)
  object space 648192K, 99% used [0x0000000080000000,0x00000000a78bc640,0x00000000a7900000)
 Metaspace       used 76183K, committed 77760K, reserved 1179648K
  class space    used 7756K, committed 8448K, reserved 1048576K
}
Event: 35.769 GC heap after
{Heap after GC invocations=1751 (full 4):
 PSYoungGen      total 4608K, used 712K [0x00000000d5580000, 0x00000000d5b00000, 0x0000000100000000)
  eden space 3584K, 0% used [0x00000000d5580000,0x00000000d5580000,0x00000000d5900000)
  from space 1024K, 69% used [0x00000000d5900000,0x00000000d59b2058,0x00000000d5a00000)
  to   space 1024K, 0% used [0x00000000d5a00000,0x00000000d5a00000,0x00000000d5b00000)
 ParOldGen       total 648704K, used 648337K [0x0000000080000000, 0x00000000a7980000, 0x00000000d5580000)
  object space 648704K, 99% used [0x0000000080000000,0x00000000a7924640,0x00000000a7980000)
 Metaspace       used 76183K, committed 77760K, reserved 1179648K
  class space    used 7756K, committed 8448K, reserved 1048576K
}
Event: 35.780 GC heap before
{Heap before GC invocations=1752 (full 4):
 PSYoungGen      total 4608K, used 4296K [0x00000000d5580000, 0x00000000d5b00000, 0x0000000100000000)
  eden space 3584K, 100% used [0x00000000d5580000,0x00000000d5900000,0x00000000d5900000)
  from space 1024K, 69% used [0x00000000d5900000,0x00000000d59b2058,0x00000000d5a00000)
  to   space 1024K, 0% used [0x00000000d5a00000,0x00000000d5a00000,0x00000000d5b00000)
 ParOldGen       total 648704K, used 648337K [0x0000000080000000, 0x00000000a7980000, 0x00000000d5580000)
  object space 648704K, 99% used [0x0000000080000000,0x00000000a7924640,0x00000000a7980000)
 Metaspace       used 76183K, committed 77760K, reserved 1179648K
  class space    used 7756K, committed 8448K, reserved 1048576K
}
Event: 35.782 GC heap after
{Heap after GC invocations=1752 (full 4):
 PSYoungGen      total 4608K, used 608K [0x00000000d5580000, 0x00000000d5b00000, 0x0000000100000000)
  eden space 3584K, 0% used [0x00000000d5580000,0x00000000d5580000,0x00000000d5900000)
  from space 1024K, 59% used [0x00000000d5a00000,0x00000000d5a98000,0x00000000d5b00000)
  to   space 1024K, 0% used [0x00000000d5900000,0x00000000d5900000,0x00000000d5a00000)
 ParOldGen       total 649216K, used 648777K [0x0000000080000000, 0x00000000a7a00000, 0x00000000d5580000)
  object space 649216K, 99% used [0x0000000080000000,0x00000000a7992640,0x00000000a7a00000)
 Metaspace       used 76183K, committed 77760K, reserved 1179648K
  class space    used 7756K, committed 8448K, reserved 1048576K
}
Event: 35.791 GC heap before
{Heap before GC invocations=1753 (full 4):
 PSYoungGen      total 4608K, used 4192K [0x00000000d5580000, 0x00000000d5b00000, 0x0000000100000000)
  eden space 3584K, 100% used [0x00000000d5580000,0x00000000d5900000,0x00000000d5900000)
  from space 1024K, 59% used [0x00000000d5a00000,0x00000000d5a98000,0x00000000d5b00000)
  to   space 1024K, 0% used [0x00000000d5900000,0x00000000d5900000,0x00000000d5a00000)
 ParOldGen       total 649216K, used 648777K [0x0000000080000000, 0x00000000a7a00000, 0x00000000d5580000)
  object space 649216K, 99% used [0x0000000080000000,0x00000000a7992640,0x00000000a7a00000)
 Metaspace       used 76183K, committed 77760K, reserved 1179648K
  class space    used 7756K, committed 8448K, reserved 1048576K
}
Event: 35.793 GC heap after
{Heap after GC invocations=1753 (full 4):
 PSYoungGen      total 4608K, used 544K [0x00000000d5580000, 0x00000000d5b00000, 0x0000000100000000)
  eden space 3584K, 0% used [0x00000000d5580000,0x00000000d5580000,0x00000000d5900000)
  from space 1024K, 53% used [0x00000000d5900000,0x00000000d5988000,0x00000000d5a00000)
  to   space 1024K, 0% used [0x00000000d5a00000,0x00000000d5a00000,0x00000000d5b00000)
 ParOldGen       total 649216K, used 649201K [0x0000000080000000, 0x00000000a7a00000, 0x00000000d5580000)
  object space 649216K, 99% used [0x0000000080000000,0x00000000a79fc640,0x00000000a7a00000)
 Metaspace       used 76183K, committed 77760K, reserved 1179648K
  class space    used 7756K, committed 8448K, reserved 1048576K
}
Event: 35.802 GC heap before
{Heap before GC invocations=1754 (full 4):
 PSYoungGen      total 4608K, used 4128K [0x00000000d5580000, 0x00000000d5b00000, 0x0000000100000000)
  eden space 3584K, 100% used [0x00000000d5580000,0x00000000d5900000,0x00000000d5900000)
  from space 1024K, 53% used [0x00000000d5900000,0x00000000d5988000,0x00000000d5a00000)
  to   space 1024K, 0% used [0x00000000d5a00000,0x00000000d5a00000,0x00000000d5b00000)
 ParOldGen       total 649216K, used 649201K [0x0000000080000000, 0x00000000a7a00000, 0x00000000d5580000)
  object space 649216K, 99% used [0x0000000080000000,0x00000000a79fc640,0x00000000a7a00000)
 Metaspace       used 76183K, committed 77760K, reserved 1179648K
  class space    used 7756K, committed 8448K, reserved 1048576K
}
Event: 35.804 GC heap after
{Heap after GC invocations=1754 (full 4):
 PSYoungGen      total 4608K, used 640K [0x00000000d5580000, 0x00000000d5b00000, 0x0000000100000000)
  eden space 3584K, 0% used [0x00000000d5580000,0x00000000d5580000,0x00000000d5900000)
  from space 1024K, 62% used [0x00000000d5a00000,0x00000000d5aa0000,0x00000000d5b00000)
  to   space 1024K, 0% used [0x00000000d5900000,0x00000000d5900000,0x00000000d5a00000)
 ParOldGen       total 649728K, used 649601K [0x0000000080000000, 0x00000000a7a80000, 0x00000000d5580000)
  object space 649728K, 99% used [0x0000000080000000,0x00000000a7a60640,0x00000000a7a80000)
 Metaspace       used 76183K, committed 77760K, reserved 1179648K
  class space    used 7756K, committed 8448K, reserved 1048576K
}
Event: 35.835 GC heap before
{Heap before GC invocations=1755 (full 4):
 PSYoungGen      total 4608K, used 4224K [0x00000000d5580000, 0x00000000d5b00000, 0x0000000100000000)
  eden space 3584K, 100% used [0x00000000d5580000,0x00000000d5900000,0x00000000d5900000)
  from space 1024K, 62% used [0x00000000d5a00000,0x00000000d5aa0000,0x00000000d5b00000)
  to   space 1024K, 0% used [0x00000000d5900000,0x00000000d5900000,0x00000000d5a00000)
 ParOldGen       total 649728K, used 649601K [0x0000000080000000, 0x00000000a7a80000, 0x00000000d5580000)
  object space 649728K, 99% used [0x0000000080000000,0x00000000a7a60640,0x00000000a7a80000)
 Metaspace       used 76183K, committed 77760K, reserved 1179648K
  class space    used 7756K, committed 8448K, reserved 1048576K
}
Event: 35.837 GC heap after
{Heap after GC invocations=1755 (full 4):
 PSYoungGen      total 4608K, used 1023K [0x00000000d5580000, 0x00000000d5f00000, 0x0000000100000000)
  eden space 3584K, 0% used [0x00000000d5580000,0x00000000d5580000,0x00000000d5900000)
  from space 1024K, 99% used [0x00000000d5900000,0x00000000d59ffc00,0x00000000d5a00000)
  to   space 3072K, 0% used [0x00000000d5c00000,0x00000000d5c00000,0x00000000d5f00000)
 ParOldGen       total 651264K, used 651013K [0x0000000080000000, 0x00000000a7c00000, 0x00000000d5580000)
  object space 651264K, 99% used [0x0000000080000000,0x00000000a7bc1630,0x00000000a7c00000)
 Metaspace       used 76183K, committed 77760K, reserved 1179648K
  class space    used 7756K, committed 8448K, reserved 1048576K
}
Event: 35.897 GC heap before
{Heap before GC invocations=1756 (full 4):
 PSYoungGen      total 4608K, used 4607K [0x00000000d5580000, 0x00000000d5f00000, 0x0000000100000000)
  eden space 3584K, 100% used [0x00000000d5580000,0x00000000d5900000,0x00000000d5900000)
  from space 1024K, 99% used [0x00000000d5900000,0x00000000d59ffc00,0x00000000d5a00000)
  to   space 3072K, 0% used [0x00000000d5c00000,0x00000000d5c00000,0x00000000d5f00000)
 ParOldGen       total 651264K, used 651013K [0x0000000080000000, 0x00000000a7c00000, 0x00000000d5580000)
  object space 651264K, 99% used [0x0000000080000000,0x00000000a7bc1630,0x00000000a7c00000)
 Metaspace       used 76183K, committed 77760K, reserved 1179648K
  class space    used 7756K, committed 8448K, reserved 1048576K
}
Event: 35.899 GC heap after
{Heap after GC invocations=1756 (full 4):
 PSYoungGen      total 4608K, used 544K [0x00000000d5580000, 0x00000000d5d00000, 0x0000000100000000)
  eden space 3584K, 0% used [0x00000000d5580000,0x00000000d5580000,0x00000000d5900000)
  from space 1024K, 53% used [0x00000000d5c00000,0x00000000d5c88000,0x00000000d5d00000)
  to   space 1536K, 0% used [0x00000000d5a00000,0x00000000d5a00000,0x00000000d5b80000)
 ParOldGen       total 651264K, used 651117K [0x0000000080000000, 0x00000000a7c00000, 0x00000000d5580000)
  object space 651264K, 99% used [0x0000000080000000,0x00000000a7bdb630,0x00000000a7c00000)
 Metaspace       used 76183K, committed 77760K, reserved 1179648K
  class space    used 7756K, committed 8448K, reserved 1048576K
}
Event: 35.906 GC heap before
{Heap before GC invocations=1757 (full 4):
 PSYoungGen      total 4608K, used 4128K [0x00000000d5580000, 0x00000000d5d00000, 0x0000000100000000)
  eden space 3584K, 100% used [0x00000000d5580000,0x00000000d5900000,0x00000000d5900000)
  from space 1024K, 53% used [0x00000000d5c00000,0x00000000d5c88000,0x00000000d5d00000)
  to   space 1536K, 0% used [0x00000000d5a00000,0x00000000d5a00000,0x00000000d5b80000)
 ParOldGen       total 651264K, used 651117K [0x0000000080000000, 0x00000000a7c00000, 0x00000000d5580000)
  object space 651264K, 99% used [0x0000000080000000,0x00000000a7bdb630,0x00000000a7c00000)
 Metaspace       used 76183K, committed 77760K, reserved 1179648K
  class space    used 7756K, committed 8448K, reserved 1048576K
}
Event: 35.908 GC heap after
{Heap after GC invocations=1757 (full 4):
 PSYoungGen      total 5120K, used 640K [0x00000000d5580000, 0x00000000d5c80000, 0x0000000100000000)
  eden space 3584K, 0% used [0x00000000d5580000,0x00000000d5580000,0x00000000d5900000)
  from space 1536K, 41% used [0x00000000d5a00000,0x00000000d5aa0000,0x00000000d5b80000)
  to   space 1024K, 0% used [0x00000000d5b80000,0x00000000d5b80000,0x00000000d5c80000)
 ParOldGen       total 651776K, used 651525K [0x0000000080000000, 0x00000000a7c80000, 0x00000000d5580000)
  object space 651776K, 99% used [0x0000000080000000,0x00000000a7c41630,0x00000000a7c80000)
 Metaspace       used 76183K, committed 77760K, reserved 1179648K
  class space    used 7756K, committed 8448K, reserved 1048576K
}
Event: 36.030 GC heap before
{Heap before GC invocations=1758 (full 4):
 PSYoungGen      total 5120K, used 4224K [0x00000000d5580000, 0x00000000d5c80000, 0x0000000100000000)
  eden space 3584K, 100% used [0x00000000d5580000,0x00000000d5900000,0x00000000d5900000)
  from space 1536K, 41% used [0x00000000d5a00000,0x00000000d5aa0000,0x00000000d5b80000)
  to   space 1024K, 0% used [0x00000000d5b80000,0x00000000d5b80000,0x00000000d5c80000)
 ParOldGen       total 651776K, used 651525K [0x0000000080000000, 0x00000000a7c80000, 0x00000000d5580000)
  object space 651776K, 99% used [0x0000000080000000,0x00000000a7c41630,0x00000000a7c80000)
 Metaspace       used 76183K, committed 77760K, reserved 1179648K
  class space    used 7756K, committed 8448K, reserved 1048576K
}
Event: 36.032 GC heap after
{Heap after GC invocations=1758 (full 4):
 PSYoungGen      total 4608K, used 544K [0x00000000d5580000, 0x00000000d5c80000, 0x0000000100000000)
  eden space 3584K, 0% used [0x00000000d5580000,0x00000000d5580000,0x00000000d5900000)
  from space 1024K, 53% used [0x00000000d5b80000,0x00000000d5c08000,0x00000000d5c80000)
  to   space 1024K, 0% used [0x00000000d5a80000,0x00000000d5a80000,0x00000000d5b80000)
 ParOldGen       total 652288K, used 652048K [0x0000000080000000, 0x00000000a7d00000, 0x00000000d5580000)
  object space 652288K, 99% used [0x0000000080000000,0x00000000a7cc4238,0x00000000a7d00000)
 Metaspace       used 76183K, committed 77760K, reserved 1179648K
  class space    used 7756K, committed 8448K, reserved 1048576K
}
Event: 36.040 GC heap before
{Heap before GC invocations=1759 (full 4):
 PSYoungGen      total 4608K, used 4128K [0x00000000d5580000, 0x00000000d5c80000, 0x0000000100000000)
  eden space 3584K, 100% used [0x00000000d5580000,0x00000000d5900000,0x00000000d5900000)
  from space 1024K, 53% used [0x00000000d5b80000,0x00000000d5c08000,0x00000000d5c80000)
  to   space 1024K, 0% used [0x00000000d5a80000,0x00000000d5a80000,0x00000000d5b80000)
 ParOldGen       total 652288K, used 652048K [0x0000000080000000, 0x00000000a7d00000, 0x00000000d5580000)
  object space 652288K, 99% used [0x0000000080000000,0x00000000a7cc4238,0x00000000a7d00000)
 Metaspace       used 76183K, committed 77760K, reserved 1179648K
  class space    used 7756K, committed 8448K, reserved 1048576K
}
Event: 36.041 GC heap after
{Heap after GC invocations=1759 (full 4):
 PSYoungGen      total 4608K, used 704K [0x00000000d5580000, 0x00000000d5c00000, 0x0000000100000000)
  eden space 3584K, 0% used [0x00000000d5580000,0x00000000d5580000,0x00000000d5900000)
  from space 1024K, 68% used [0x00000000d5a80000,0x00000000d5b30000,0x00000000d5b80000)
  to   space 512K, 0% used [0x00000000d5b80000,0x00000000d5b80000,0x00000000d5c00000)
 ParOldGen       total 652800K, used 652288K [0x0000000080000000, 0x00000000a7d80000, 0x00000000d5580000)
  object space 652800K, 99% used [0x0000000080000000,0x00000000a7d00238,0x00000000a7d80000)
 Metaspace       used 76183K, committed 77760K, reserved 1179648K
  class space    used 7756K, committed 8448K, reserved 1048576K
}
Event: 36.049 GC heap before
{Heap before GC invocations=1760 (full 4):
 PSYoungGen      total 4608K, used 4288K [0x00000000d5580000, 0x00000000d5c00000, 0x0000000100000000)
  eden space 3584K, 100% used [0x00000000d5580000,0x00000000d5900000,0x00000000d5900000)
  from space 1024K, 68% used [0x00000000d5a80000,0x00000000d5b30000,0x00000000d5b80000)
  to   space 512K, 0% used [0x00000000d5b80000,0x00000000d5b80000,0x00000000d5c00000)
 ParOldGen       total 652800K, used 652288K [0x0000000080000000, 0x00000000a7d80000, 0x00000000d5580000)
  object space 652800K, 99% used [0x0000000080000000,0x00000000a7d00238,0x00000000a7d80000)
 Metaspace       used 76183K, committed 77760K, reserved 1179648K
  class space    used 7756K, committed 8448K, reserved 1048576K
}
Event: 36.050 GC heap after
{Heap after GC invocations=1760 (full 4):
 PSYoungGen      total 4096K, used 507K [0x00000000d5580000, 0x00000000d5c00000, 0x0000000100000000)
  eden space 3584K, 0% used [0x00000000d5580000,0x00000000d5580000,0x00000000d5900000)
  from space 512K, 99% used [0x00000000d5b80000,0x00000000d5bfec08,0x00000000d5c00000)
  to   space 1536K, 0% used [0x00000000d5900000,0x00000000d5900000,0x00000000d5a80000)
 ParOldGen       total 653312K, used 652808K [0x0000000080000000, 0x00000000a7e00000, 0x00000000d5580000)
  object space 653312K, 99% used [0x0000000080000000,0x00000000a7d82238,0x00000000a7e00000)
 Metaspace       used 76183K, committed 77760K, reserved 1179648K
  class space    used 7756K, committed 8448K, reserved 1048576K
}

